salloc: Granted job allocation 3874551
2016-11-28 11:17:46 [INFO ] Total entries: 96218
2016-11-28 11:17:46 [DEBUG] >>> Key 00000000_262
2016-11-28 11:17:46 [DEBUG] 	WxHxC:   256x256x3
2016-11-28 11:17:46 [DEBUG] 	Label:   262
2016-11-28 11:17:46 [DEBUG] 	Encoded: True
2016-11-28 11:17:46 [DEBUG] Progress: 1/96218
2016-11-28 11:17:48 [DEBUG] >>> Key 00004406_300
2016-11-28 11:17:48 [DEBUG] 	WxHxC:   256x256x3
2016-11-28 11:17:48 [DEBUG] 	Label:   300
2016-11-28 11:17:48 [DEBUG] 	Encoded: True
2016-11-28 11:17:48 [DEBUG] Progress: 4407/96218
2016-11-28 11:17:51 [DEBUG] >>> Key 00007780_84
2016-11-28 11:17:51 [DEBUG] 	WxHxC:   256x256x3
2016-11-28 11:17:51 [DEBUG] 	Label:   84
2016-11-28 11:17:51 [DEBUG] 	Encoded: True
2016-11-28 11:17:51 [DEBUG] Progress: 7781/96218
2016-11-28 11:17:53 [DEBUG] >>> Key 00012012_198
2016-11-28 11:17:53 [DEBUG] 	WxHxC:   256x256x3
2016-11-28 11:17:53 [DEBUG] 	Label:   198
2016-11-28 11:17:53 [DEBUG] 	Encoded: True
2016-11-28 11:17:53 [DEBUG] Progress: 12013/96218
2016-11-28 11:17:55 [DEBUG] >>> Key 00016354_97
2016-11-28 11:17:55 [DEBUG] 	WxHxC:   256x256x3
2016-11-28 11:17:55 [DEBUG] 	Label:   97
2016-11-28 11:17:55 [DEBUG] 	Encoded: True
2016-11-28 11:17:55 [DEBUG] Progress: 16355/96218
2016-11-28 11:17:57 [DEBUG] >>> Key 00021635_816
2016-11-28 11:17:57 [DEBUG] 	WxHxC:   256x256x3
2016-11-28 11:17:57 [DEBUG] 	Label:   816
2016-11-28 11:17:57 [DEBUG] 	Encoded: True
2016-11-28 11:17:57 [DEBUG] Progress: 21636/96218
2016-11-28 11:17:59 [DEBUG] >>> Key 00028746_271
2016-11-28 11:17:59 [DEBUG] 	WxHxC:   256x256x3
2016-11-28 11:17:59 [DEBUG] 	Label:   271
2016-11-28 11:17:59 [DEBUG] 	Encoded: True
2016-11-28 11:17:59 [DEBUG] Progress: 28747/96218
2016-11-28 11:18:01 [DEBUG] >>> Key 00037650_282
2016-11-28 11:18:01 [DEBUG] 	WxHxC:   256x256x3
2016-11-28 11:18:01 [DEBUG] 	Label:   282
2016-11-28 11:18:01 [DEBUG] 	Encoded: True
2016-11-28 11:18:01 [DEBUG] Progress: 37651/96218
2016-11-28 11:18:03 [DEBUG] >>> Key 00044922_64
2016-11-28 11:18:03 [DEBUG] 	WxHxC:   256x256x3
2016-11-28 11:18:03 [DEBUG] 	Label:   64
2016-11-28 11:18:03 [DEBUG] 	Encoded: True
2016-11-28 11:18:03 [DEBUG] Progress: 44923/96218
2016-11-28 11:18:05 [DEBUG] >>> Key 00055999_928
2016-11-28 11:18:05 [DEBUG] 	WxHxC:   256x256x3
2016-11-28 11:18:05 [DEBUG] 	Label:   928
2016-11-28 11:18:05 [DEBUG] 	Encoded: True
2016-11-28 11:18:05 [DEBUG] Progress: 56000/96218
2016-11-28 11:18:07 [DEBUG] >>> Key 00061557_94
2016-11-28 11:18:07 [DEBUG] 	WxHxC:   256x256x3
2016-11-28 11:18:07 [DEBUG] 	Label:   94
2016-11-28 11:18:07 [DEBUG] 	Encoded: True
2016-11-28 11:18:07 [DEBUG] Progress: 61558/96218
2016-11-28 11:18:09 [DEBUG] >>> Key 00069825_714
2016-11-28 11:18:09 [DEBUG] 	WxHxC:   256x256x3
2016-11-28 11:18:09 [DEBUG] 	Label:   714
2016-11-28 11:18:09 [DEBUG] 	Encoded: True
2016-11-28 11:18:09 [DEBUG] Progress: 69826/96218
2016-11-28 11:18:11 [DEBUG] >>> Key 00078305_331
2016-11-28 11:18:11 [DEBUG] 	WxHxC:   256x256x3
2016-11-28 11:18:11 [DEBUG] 	Label:   331
2016-11-28 11:18:11 [DEBUG] 	Encoded: True
2016-11-28 11:18:11 [DEBUG] Progress: 78306/96218
2016-11-28 11:18:13 [DEBUG] >>> Key 00084420_535
2016-11-28 11:18:13 [DEBUG] 	WxHxC:   256x256x3
2016-11-28 11:18:13 [DEBUG] 	Label:   535
2016-11-28 11:18:13 [DEBUG] 	Encoded: True
2016-11-28 11:18:13 [DEBUG] Progress: 84421/96218
2016-11-28 11:18:15 [DEBUG] >>> Key 00093236_469
2016-11-28 11:18:15 [DEBUG] 	WxHxC:   256x256x3
2016-11-28 11:18:15 [DEBUG] 	Label:   469
2016-11-28 11:18:15 [DEBUG] 	Encoded: True
2016-11-28 11:18:15 [DEBUG] Progress: 93237/96218
2016-11-28 11:18:16 [INFO ] 96218 entries found with shape 256x256x3 (WxHxC)
2016-11-28 11:18:16 [INFO ] Completed in 29.1681098938 seconds.
salloc: Relinquishing job allocation 3874551
