salloc: Granted job allocation 3874552
2016-11-28 11:17:46 [INFO ] Total entries: 96218
2016-11-28 11:17:46 [DEBUG] >>> Key 00000000_262
2016-11-28 11:17:46 [DEBUG] 	WxHxC:   256x256x3
2016-11-28 11:17:46 [DEBUG] 	Label:   262
2016-11-28 11:17:46 [DEBUG] 	Encoded: True
2016-11-28 11:17:46 [DEBUG] Progress: 1/96218
2016-11-28 11:17:48 [DEBUG] >>> Key 00015175_442
2016-11-28 11:17:48 [DEBUG] 	WxHxC:   256x256x3
2016-11-28 11:17:48 [DEBUG] 	Label:   442
2016-11-28 11:17:48 [DEBUG] 	Encoded: True
2016-11-28 11:17:48 [DEBUG] Progress: 15176/96218
2016-11-28 11:17:50 [DEBUG] >>> Key 00030427_858
2016-11-28 11:17:50 [DEBUG] 	WxHxC:   256x256x3
2016-11-28 11:17:50 [DEBUG] 	Label:   858
2016-11-28 11:17:50 [DEBUG] 	Encoded: True
2016-11-28 11:17:50 [DEBUG] Progress: 30428/96218
2016-11-28 11:17:52 [DEBUG] >>> Key 00045650_240
2016-11-28 11:17:52 [DEBUG] 	WxHxC:   256x256x3
2016-11-28 11:17:52 [DEBUG] 	Label:   240
2016-11-28 11:17:52 [DEBUG] 	Encoded: True
2016-11-28 11:17:52 [DEBUG] Progress: 45651/96218
2016-11-28 11:17:54 [DEBUG] >>> Key 00060917_284
2016-11-28 11:17:54 [DEBUG] 	WxHxC:   256x256x3
2016-11-28 11:17:54 [DEBUG] 	Label:   284
2016-11-28 11:17:54 [DEBUG] 	Encoded: True
2016-11-28 11:17:54 [DEBUG] Progress: 60918/96218
2016-11-28 11:17:56 [DEBUG] >>> Key 00076189_410
2016-11-28 11:17:56 [DEBUG] 	WxHxC:   256x256x3
2016-11-28 11:17:56 [DEBUG] 	Label:   410
2016-11-28 11:17:56 [DEBUG] 	Encoded: True
2016-11-28 11:17:56 [DEBUG] Progress: 76190/96218
2016-11-28 11:17:58 [DEBUG] >>> Key 00091649_451
2016-11-28 11:17:58 [DEBUG] 	WxHxC:   256x256x3
2016-11-28 11:17:58 [DEBUG] 	Label:   451
2016-11-28 11:17:58 [DEBUG] 	Encoded: True
2016-11-28 11:17:58 [DEBUG] Progress: 91650/96218
2016-11-28 11:17:58 [INFO ] 96218 entries found with shape 256x256x3 (WxHxC)
2016-11-28 11:17:58 [INFO ] Completed in 12.6018249989 seconds.
salloc: Relinquishing job allocation 3874552
