salloc: Granted job allocation 3889716
srun: Job step created
Show or watch job queue:
slurm [watch] queue     show own jobs
slurm [watch] q <user>  show user's jobs
slurm [watch] quick     show quick overview of own jobs
slurm [watch] shorter   sort and compact entire queue by job size
slurm [watch] short     sort and compact entire queue by priority
slurm [watch] full      show everything
slurm [w] [q|qq|ss|s|f] shorthands for above!
slurm qos               show job service classes
slurm top [queue|all]   show summary of active users
Show detailed information about jobs:
slurm prio [all|short]  show priority components
slurm j|job <jobid>     show everything else
slurm steps <jobid>     show memory usage of running srun job steps
Show usage and fair-share values from accounting database:
slurm h|history <time>  show jobs finished since, e.g. "1day" (default)
slurm shares
Show nodes and resources in the cluster:
slurm p|partitions      all partitions
slurm n|nodes           all cluster nodes
slurm c|cpus            total cpu cores in use
slurm cpus <partition>  cores available to partition, allocated and free
slurm cpus jobs         cores/memory reserved by running jobs
slurm cpus queue        cores/memory required by pending jobs
2016-11-29 14:34:05 [DEBUG] 45002 total lines in file
2016-11-29 14:34:05 [INFO ] 45002 valid lines in file
2016-11-29 14:34:05 [DEBUG] Category 0 has 4442 images.
2016-11-29 14:34:05 [DEBUG] Category 1 has 5057 images.
2016-11-29 14:34:05 [DEBUG] Category 2 has 4469 images.
2016-11-29 14:34:05 [DEBUG] Category 3 has 4598 images.
2016-11-29 14:34:05 [DEBUG] Category 4 has 4382 images.
2016-11-29 14:34:05 [DEBUG] Category 5 has 4066 images.
2016-11-29 14:34:05 [DEBUG] Category 6 has 4439 images.
2016-11-29 14:34:05 [DEBUG] Category 7 has 4699 images.
2016-11-29 14:34:05 [DEBUG] Category 8 has 4388 images.
2016-11-29 14:34:05 [DEBUG] Category 9 has 4462 images.
2016-11-29 14:34:07 [DEBUG] Processed 2100/45002
2016-11-29 14:34:09 [DEBUG] Processed 4400/45002
2016-11-29 14:34:11 [DEBUG] Processed 6700/45002
2016-11-29 14:34:13 [DEBUG] Processed 9100/45002
2016-11-29 14:34:15 [DEBUG] Processed 11400/45002
2016-11-29 14:34:17 [DEBUG] Processed 13600/45002
2016-11-29 14:34:19 [DEBUG] Processed 15900/45002
2016-11-29 14:34:21 [DEBUG] Processed 18300/45002
2016-11-29 14:34:23 [DEBUG] Processed 20600/45002
2016-11-29 14:34:25 [DEBUG] Processed 23000/45002
2016-11-29 14:34:27 [DEBUG] Processed 25300/45002
2016-11-29 14:34:29 [DEBUG] Processed 27600/45002
2016-11-29 14:34:31 [DEBUG] Processed 30000/45002
2016-11-29 14:34:33 [DEBUG] Processed 32300/45002
2016-11-29 14:34:35 [DEBUG] Processed 34600/45002
2016-11-29 14:34:37 [DEBUG] Processed 36800/45002
2016-11-29 14:34:39 [DEBUG] Processed 39100/45002
2016-11-29 14:34:41 [DEBUG] Processed 41500/45002
2016-11-29 14:34:43 [DEBUG] Processed 43800/45002
2016-11-29 14:34:44 [DEBUG] 45002 images loaded
2016-11-29 14:34:44 [INFO ] 45002 images written to database
2016-11-29 14:34:44 [INFO ] Mean saved at "/data/zim021/digits-proj/DIGITS/digits/jobs/20161129-143350-ecd3/mean.binaryproto"
2016-11-29 14:34:44 [INFO ] Mean saved at "/data/zim021/digits-proj/DIGITS/digits/jobs/20161129-143350-ecd3/mean.jpg"
2016-11-29 14:34:44 [INFO ] Database created after 38 seconds.
salloc: Relinquishing job allocation 3889716
salloc: Job allocation 3889716 has been revoked.
